Running: /afs/inf.ed.ac.uk/group/teaching/cd/Xilinx132/ISE_DS/ISE/bin/lin64/unwrapped/fuse -intstyle ise -incremental -lib unisims_ver -lib unimacro_ver -lib xilinxcorelib_ver -o /afs/inf.ed.ac.uk/user/s10/s1008380/Desktop/PS2_Mouse_Verilog/PS2_Mouse_Basys2/MouseReceiverTest_isim_beh.exe -prj /afs/inf.ed.ac.uk/user/s10/s1008380/Desktop/PS2_Mouse_Verilog/PS2_Mouse_Basys2/MouseReceiverTest_beh.prj work.MouseReceiverTest work.glbl 
ISim O.61xd (signature 0xb4d1ced7)
Number of CPUs detected in this system: 2
Turning on mult-threading, number of parallel sub-compilation jobs: 4 
Determining compilation order of HDL files
Analyzing Verilog file \"/afs/inf.ed.ac.uk/user/s10/s1008380/Desktop/PS2_Mouse_Verilog/PS2_Mouse_Basys2/MouseReceiver.v\" into library work
Analyzing Verilog file \"/afs/inf.ed.ac.uk/user/s10/s1008380/Desktop/PS2_Mouse_Verilog/PS2_Mouse_Basys2/MouseReceiverTest.v\" into library work
Analyzing Verilog file \"/afs/inf.ed.ac.uk/group/teaching/cd/Xilinx132/ISE_DS/ISE//verilog/src/glbl.v\" into library work
Starting static elaboration
WARNING:HDLCompiler:1016 - "/afs/inf.ed.ac.uk/user/s10/s1008380/Desktop/PS2_Mouse_Verilog/PS2_Mouse_Basys2/MouseReceiverTest.v" Line 40: Port RECEIVER_STATE is not connected to this instance
Completed static elaboration
Fuse Memory Usage: 114472 KB
Fuse CPU Usage: 220 ms
Compiling module MouseReceiver
Compiling module MouseReceiverTest
Compiling module glbl
Time Resolution for simulation is 1ps.
Waiting for 1 sub-compilation(s) to finish...
Compiled 3 Verilog Units
Built simulation executable /afs/inf.ed.ac.uk/user/s10/s1008380/Desktop/PS2_Mouse_Verilog/PS2_Mouse_Basys2/MouseReceiverTest_isim_beh.exe
Fuse Memory Usage: 410632 KB
Fuse CPU Usage: 250 ms
GCC CPU Usage: 1440 ms
